#
# A fatal error has been detected by the Java Runtime Environment:
#
#  EXCEPTION_ACCESS_VIOLATION (0xc0000005) at pc=0x00007ffda528bcd0, pid=12776, tid=5792
#
# JRE version:  (11.0.5+10) (build )
# Java VM: OpenJDK 64-Bit Server VM (11.0.5+10-b520.30, mixed mode, aot, sharing, tiered, compressed oops, g1 gc, windows-amd64)
# Problematic frame:
# V  [jvm.dll+0xfbcd0]
#
# No core dump will be written. Minidumps are not enabled by default on client versions of Windows
#
# If you would like to submit a bug report, please visit:
#   http://bugreport.java.com/bugreport/crash.jsp
#

---------------  S U M M A R Y ------------

Command Line: -javaagent:C:\Program Files\JetBrains\IntelliJ IDEA 2019.3.2\lib\idea_rt.jar=55535:C:\Program Files\JetBrains\IntelliJ IDEA 2019.3.2\bin -Dfile.encoding=UTF-8 Main

Host: Intel(R) Core(TM) i7-1065G7 CPU @ 1.30GHz, 8 cores, 7G,  Windows 10 , 64 bit Build 18362 (10.0.18362.1110)
Time: Thu Oct 15 11:40:40 2020 Pacific Daylight Time elapsed time: 0 seconds (0d 0h 0m 0s)

---------------  T H R E A D  ---------------

Current thread (0x00000279b7c9b000):  JavaThread "Unknown thread" [_thread_in_vm, id=5792, stack(0x0000008e52900000,0x0000008e52a00000)]

Stack: [0x0000008e52900000,0x0000008e52a00000],  sp=0x0000008e529ff070,  free space=1020k
Native frames: (J=compiled Java code, j=interpreted, Vv=VM code, C=native code)
V  [jvm.dll+0xfbcd0]
V  [jvm.dll+0x1d5084]
V  [jvm.dll+0x1d754e]
V  [jvm.dll+0x1d659f]
V  [jvm.dll+0x7194ea]
V  [jvm.dll+0x7198de]
V  [jvm.dll+0x720331]
V  [jvm.dll+0x716e2e]
V  [jvm.dll+0x35583a]
V  [jvm.dll+0x6d239e]
V  [jvm.dll+0x3be283]
V  [jvm.dll+0x3c0701]
C  [jli.dll+0x5363]
C  [ucrtbase.dll+0x210b2]
C  [KERNEL32.DLL+0x17c24]
C  [ntdll.dll+0x6cea1]


siginfo: EXCEPTION_ACCESS_VIOLATION (0xc0000005), writing address 0x00000000000003c5


Registers:
RAX=0x0000000000000007, RBX=0x0000000000000018, RCX=0x0000000000000000, RDX=0x0000000000000006
RSP=0x0000008e529ff070, RBP=0x00000000000001d8, RSI=0x0000000000000003, RDI=0x0000000000000004
R8 =0x0000000000000004, R9 =0x0000000007530000, R10=0x0000000000000000, R11=0x00000279b7ca5b10
R12=0x00000279b7c9b910, R13=0x00000279b7c9bcb8, R14=0x00000279bd530910, R15=0x00007ffda5a1a0a8
RIP=0x00007ffda528bcd0, EFLAGS=0x0000000000010202

Top of Stack: (sp=0x0000008e529ff070)
0x0000008e529ff070:   00000279b7ca5b10 0000000000000003
0x0000008e529ff080:   00007ffda5a1a0a8 0000000000000000
0x0000008e529ff090:   000000000000000d 00007ffda5365084
0x0000008e529ff0a0:   0000000000000018 00000000000001d8
0x0000008e529ff0b0:   0000000000000000 00007ffda57177fe
0x0000008e529ff0c0:   00000000ffffffff 0000000000000000
0x0000008e529ff0d0:   00000279b7c9b8d0 0000008e529ff210
0x0000008e529ff0e0:   0000000000000000 00007ffda536754e
0x0000008e529ff0f0:   0000008e529ff210 0000000000000000
0x0000008e529ff100:   0000000000000064 0000000000000000
0x0000008e529ff110:   0000000000000000 00007ffda536659f
0x0000008e529ff120:   00007ffda5a1a0a8 0000000000000000
0x0000008e529ff130:   0000008e529ff210 00000279b7c9b910
0x0000008e529ff140:   00000000000003d8 00007ffda58a94ea
0x0000008e529ff150:   0000000040000700 0000008e529ff250
0x0000008e529ff160:   00000279b7ac2920 0000000000000004 

Instructions: (pc=0x00007ffda528bcd0)
0x00007ffda528bbd0:   24 30 33 c0 48 8b 6c 24 38 48 8b 74 24 40 48 8b
0x00007ffda528bbe0:   7c 24 48 48 83 c4 20 41 5e c3 cc cc cc cc cc cc
0x00007ffda528bbf0:   b9 15 00 00 00 e9 f6 fa 4d 00 cc cc cc cc cc cc
0x00007ffda528bc00:   e9 7b fe ff ff cc cc cc cc cc cc cc cc cc cc cc
0x00007ffda528bc10:   48 83 ec 28 48 8b c2 4c 8d 41 19 48 8b c8 48 8d
0x00007ffda528bc20:   15 2b 55 6d 00 e8 26 30 4e 00 83 c8 ff 48 83 c4
0x00007ffda528bc30:   28 c3 cc cc cc cc cc cc cc cc cc cc cc cc cc cc
0x00007ffda528bc40:   40 56 48 83 ec 20 4d 8b c8 48 8b f1 4d 85 c0 75
0x00007ffda528bc50:   15 48 63 c2 48 69 d0 01 04 00 00 44 88 44 0a 19
0x00007ffda528bc60:   48 83 c4 20 5e c3 48 89 5c 24 30 48 83 c8 ff 48
0x00007ffda528bc70:   89 7c 24 38 48 ff c0 41 80 3c 00 00 75 f6 bf 00
0x00007ffda528bc80:   04 00 00 48 3b c7 48 0f 42 f8 48 63 c2 48 69 d8
0x00007ffda528bc90:   01 04 00 00 48 83 c1 19 4c 8b c7 48 03 cb 49 8b
0x00007ffda528bca0:   d1 e8 20 bd 63 00 48 8d 04 3b 48 8b 7c 24 38 48
0x00007ffda528bcb0:   8b 5c 24 30 c6 44 30 19 00 48 83 c4 20 5e c3 cc
0x00007ffda528bcc0:   48 89 5c 24 08 57 48 83 ec 20 8d 42 01 41 8b f8
0x00007ffda528bcd0:   89 81 b8 03 00 00 48 8b d9 80 3d aa 53 88 00 00
0x00007ffda528bce0:   75 09 83 3d bf bf 8f 00 01 74 15 80 3d 99 53 88
0x00007ffda528bcf0:   00 00 74 07 e8 47 30 4d 00 eb 05 e8 50 00 00 00
0x00007ffda528bd00:   83 3d a9 08 90 00 01 75 19 48 8b cb e8 0f f6 ff
0x00007ffda528bd10:   ff 89 bb b8 03 00 00 48 8b 5c 24 30 48 83 c4 20
0x00007ffda528bd20:   5f c3 8b 05 58 05 90 00 85 c0 74 08 48 8b cb e8
0x00007ffda528bd30:   8c 36 54 00 89 bb b8 03 00 00 48 8b 5c 24 30 48
0x00007ffda528bd40:   83 c4 20 5f c3 cc cc cc cc cc cc cc cc cc cc cc
0x00007ffda528bd50:   48 83 ec 28 48 c1 e9 04 8b 05 42 bf 8f 00 48 23
0x00007ffda528bd60:   c8 48 8b 05 30 bf 8f 00 c7 04 08 01 00 00 00 eb
0x00007ffda528bd70:   00 48 83 c4 28 c3 cc cc cc cc cc cc cc cc cc cc
0x00007ffda528bd80:   48 89 5c 24 08 48 89 6c 24 10 48 89 74 24 18 57
0x00007ffda528bd90:   48 83 ec 30 41 8b d8 48 8b fa 48 8b f1 33 ed 90
0x00007ffda528bda0:   4c 8d 4c 24 58 48 89 6c 24 20 44 8b c3 48 8b d7
0x00007ffda528bdb0:   48 8b ce ff 15 0f d6 63 00 85 c0 74 14 8b 4c 24
0x00007ffda528bdc0:   58 48 03 f9 2b d9 85 db 7f d6 b8 01 00 00 00 eb 



---------------  P R O C E S S  ---------------

Threads class SMR info:
_java_thread_list=0x00000279b7ab5d60, length=0, elements={
}

Java Threads: ( => current thread )

Other Threads:

[error occurred during error reporting (printing all threads), id 0xc0000005, EXCEPTION_ACCESS_VIOLATION (0xc0000005) at pc=0x00007ffda5866dce]

VM state:not at safepoint (not fully initialized)

VM Mutex/Monitor currently owned by a thread: None


[error occurred during error reporting (printing compressed oops mode), id 0xc0000005, EXCEPTION_ACCESS_VIOLATION (0xc0000005) at pc=0x00007ffda587e077]

Deoptimization events (0 events):
No events

Classes redefined (0 events):
No events

Internal exceptions (0 events):
No events

Events (0 events):
No events


Dynamic libraries:
0x00007ff634770000 - 0x00007ff63477a000 	C:\Program Files\JetBrains\IntelliJ IDEA 2019.3.2\jbr\bin\java.exe
0x00007ffe092e0000 - 0x00007ffe094d0000 	C:\Windows\SYSTEM32\ntdll.dll
0x00007ffe07780000 - 0x00007ffe07832000 	C:\Windows\System32\KERNEL32.DLL
0x00007ffe06570000 - 0x00007ffe06815000 	C:\Windows\System32\KERNELBASE.dll
0x00007ffe06290000 - 0x00007ffe0638a000 	C:\Windows\System32\ucrtbase.dll
0x00007ffe00e10000 - 0x00007ffe00e27000 	C:\Program Files\JetBrains\IntelliJ IDEA 2019.3.2\jbr\bin\VCRUNTIME140.dll
0x00007ffe00e30000 - 0x00007ffe00e49000 	C:\Program Files\JetBrains\IntelliJ IDEA 2019.3.2\jbr\bin\jli.dll
0x00007ffe07430000 - 0x00007ffe075c4000 	C:\Windows\System32\USER32.dll
0x00007ffe072e0000 - 0x00007ffe07301000 	C:\Windows\System32\win32u.dll
0x00007ffe08920000 - 0x00007ffe08946000 	C:\Windows\System32\GDI32.dll
0x00007ffdf05d0000 - 0x00007ffdf0854000 	C:\Windows\WinSxS\amd64_microsoft.windows.common-controls_6595b64144ccf1df_6.0.18362.1139_none_9e7bf2d3e4605ac6\COMCTL32.dll
0x00007ffe06820000 - 0x00007ffe069b6000 	C:\Windows\System32\gdi32full.dll
0x00007ffe07390000 - 0x00007ffe0742e000 	C:\Windows\System32\msvcrt.dll
0x00007ffe06ac0000 - 0x00007ffe06b5e000 	C:\Windows\System32\msvcp_win.dll
0x00007ffe082a0000 - 0x00007ffe085d5000 	C:\Windows\System32\combase.dll
0x00007ffe08650000 - 0x00007ffe08770000 	C:\Windows\System32\RPCRT4.dll
0x00007ffe07310000 - 0x00007ffe07390000 	C:\Windows\System32\bcryptPrimitives.dll
0x00007ffe08b80000 - 0x00007ffe08bae000 	C:\Windows\System32\IMM32.DLL
0x00007ffdfa8f0000 - 0x00007ffdfa98d000 	C:\Program Files\JetBrains\IntelliJ IDEA 2019.3.2\jbr\bin\msvcp140.dll
0x00007ffda5190000 - 0x00007ffda5c4b000 	C:\Program Files\JetBrains\IntelliJ IDEA 2019.3.2\jbr\bin\server\jvm.dll
0x00007ffe079f0000 - 0x00007ffe07a93000 	C:\Windows\System32\ADVAPI32.dll
0x00007ffe07b20000 - 0x00007ffe07bb7000 	C:\Windows\System32\sechost.dll
0x00007ffe08290000 - 0x00007ffe08298000 	C:\Windows\System32\PSAPI.DLL
0x00007ffe018c0000 - 0x00007ffe018ca000 	C:\Windows\SYSTEM32\VERSION.dll
0x00007ffdefec0000 - 0x00007ffdefee4000 	C:\Windows\SYSTEM32\WINMM.dll
0x00007ffe01250000 - 0x00007ffe01259000 	C:\Windows\SYSTEM32\WSOCK32.dll
0x00007ffe088b0000 - 0x00007ffe0891f000 	C:\Windows\System32\ws2_32.DLL
0x00007ffdf6cf0000 - 0x00007ffdf6d1d000 	C:\Windows\SYSTEM32\winmmbase.dll
0x00007ffe06a70000 - 0x00007ffe06aba000 	C:\Windows\System32\cfgmgr32.dll
0x00007ffe06200000 - 0x00007ffe06211000 	C:\Windows\System32\kernel.appcore.dll
0x00007ffdff310000 - 0x00007ffdff321000 	C:\Program Files\JetBrains\IntelliJ IDEA 2019.3.2\jbr\bin\verify.dll
0x00007ffe04aa0000 - 0x00007ffe04c94000 	C:\Windows\SYSTEM32\DBGHELP.DLL
0x00007ffe002f0000 - 0x00007ffe0031a000 	C:\Windows\SYSTEM32\dbgcore.DLL
0x00007ffdfcc70000 - 0x00007ffdfcc99000 	C:\Program Files\JetBrains\IntelliJ IDEA 2019.3.2\jbr\bin\java.dll
0x00007ffdfd400000 - 0x00007ffdfd40f000 	C:\Program Files\JetBrains\IntelliJ IDEA 2019.3.2\jbr\bin\instrument.dll
0x00007ffdfcef0000 - 0x00007ffdfcf07000 	C:\Program Files\JetBrains\IntelliJ IDEA 2019.3.2\jbr\bin\zip.dll
0x00007ffe01240000 - 0x00007ffe0124b000 	C:\Program Files\JetBrains\IntelliJ IDEA 2019.3.2\jbr\bin\jimage.dll

dbghelp: loaded successfully - version: 4.0.5 - missing functions: none
symbol engine: initialized successfully - sym options: 0x614 - pdb path: .;C:\Program Files\JetBrains\IntelliJ IDEA 2019.3.2\jbr\bin;C:\Windows\SYSTEM32;C:\Windows\WinSxS\amd64_microsoft.windows.common-controls_6595b64144ccf1df_6.0.18362.1139_none_9e7bf2d3e4605ac6;C:\Program Files\JetBrains\IntelliJ IDEA 2019.3.2\jbr\bin\server

VM Arguments:
jvm_args: -javaagent:C:\Program Files\JetBrains\IntelliJ IDEA 2019.3.2\lib\idea_rt.jar=55535:C:\Program Files\JetBrains\IntelliJ IDEA 2019.3.2\bin -Dfile.encoding=UTF-8 
java_command: Main
java_class_path (initial): C:\Users\Quan Do\IdeaProjects\Program 3\out\production\Program 3
Launcher Type: SUN_STANDARD

[Global flags]
     intx CICompilerCount                          = 4                                         {product} {ergonomic}
     uint G1ConcRefinementThreads                  = 8                                         {product} {ergonomic}
    uintx GCDrainStackTargetSize                   = 64                                        {product} {ergonomic}
   size_t InitialHeapSize                          = 130407936                                 {product} {ergonomic}
   size_t MaxHeapSize                              = 2086526976                                {product} {ergonomic}
    uintx NonNMethodCodeHeapSize                   = 5836300                                {pd product} {ergonomic}
    uintx NonProfiledCodeHeapSize                  = 122910970                              {pd product} {ergonomic}
    uintx ProfiledCodeHeapSize                     = 122910970                              {pd product} {ergonomic}
    uintx ReservedCodeCacheSize                    = 251658240                              {pd product} {ergonomic}
     bool SegmentedCodeCache                       = true                                      {product} {ergonomic}
     bool UseCompressedClassPointers               = true                                 {lp64_product} {ergonomic}
     bool UseCompressedOops                        = true                                 {lp64_product} {ergonomic}
     bool UseG1GC                                  = true                                      {product} {ergonomic}
     bool UseLargePagesIndividualAllocation        = false                                  {pd product} {ergonomic}

Logging:
Log output configuration:
 #0: stdout all=warning uptime,level,tags
 #1: stderr all=off uptime,level,tags

Environment Variables:
PATH=C:\Program Files (x86)\Common Files\Oracle\Java\javapath;C:\Windows\system32;C:\Windows;C:\Windows\System32\Wbem;C:\Windows\System32\WindowsPowerShell\v1.0\;C:\Windows\System32\OpenSSH\;C:\Program Files\PowerShell\6\;C:\Users\Quan Do\AppData\Local\Microsoft\WindowsApps;C:\Users\Quan Do\AppData\Local\GitHubDesktop\bin;C:\Users\Quan Do\AppData\Local\Programs\Microsoft VS Code\bin
USERNAME=Quan Do
OS=Windows_NT
PROCESSOR_IDENTIFIER=Intel64 Family 6 Model 126 Stepping 5, GenuineIntel



---------------  S Y S T E M  ---------------

OS: Windows 10 , 64 bit Build 18362 (10.0.18362.1110)

CPU:total 8 (initial active 8) (4 cores per cpu, 2 threads per core) family 6 model 126 stepping 5, cmov, cx8, fxsr, mmx, sse, sse2, sse3, ssse3, sse4.1, sse4.2, popcnt, avx, avx2, aes, clmul, erms, 3dnowpref, lzcnt, ht, tsc, tscinvbit, bmi1, bmi2, adx, evex, sha, fma

Memory: 4k page, system-wide physical 7959M (2121M free)
TotalPageFile size 12823M (AvailPageFile size 5065M)
current process WorkingSet (physical memory assigned to process): 8M, peak: 8M
current process commit charge ("private bytes"): 10M, peak: 10M

vm_info: OpenJDK 64-Bit Server VM (11.0.5+10-b520.30) for windows-amd64 JRE (11.0.5+10-b520.30), built on Dec 24 2019 12:06:09 by "" with MS VC++ 14.0 (VS2015)

END.
